$completionDateTime
[1] "2016-12-15 13:39:47 PST"

$executionTime
Time difference of 3.807591 mins

$sessionInfo
R version 3.3.2 (2016-10-31)
Platform: x86_64-redhat-linux-gnu (64-bit)
Running under: CentOS release 6.8 (Final)

locale:
 [1] LC_CTYPE=en_US.iso885915       LC_NUMERIC=C                  
 [3] LC_TIME=en_US.iso885915        LC_COLLATE=en_US.iso885915    
 [5] LC_MONETARY=en_US.iso885915    LC_MESSAGES=en_US.iso885915   
 [7] LC_PAPER=en_US.iso885915       LC_NAME=C                     
 [9] LC_ADDRESS=C                   LC_TELEPHONE=C                
[11] LC_MEASUREMENT=en_US.iso885915 LC_IDENTIFICATION=C           

attached base packages:
[1] stats     graphics  grDevices utils     datasets  base     

other attached packages:
[1] ggplot2_2.1.0     broom_0.4.1       nlme_3.1-128      dplyr_0.5.0      
[5] magrittr_1.5      readxl_0.1.1      rmarkdown_1.0     knitr_1.14       
[9] checkpoint_0.3.16

loaded via a namespace (and not attached):
 [1] Rcpp_0.12.7        munsell_0.4.3      mnormt_1.5-4       colorspace_1.2-6  
 [5] lattice_0.20-34    R6_2.1.3           highr_0.6          stringr_1.1.0     
 [9] plyr_1.8.4         tools_3.3.2        parallel_3.3.2     grid_3.3.2        
[13] gtable_0.2.0       psych_1.6.9        DBI_0.5-1          htmltools_0.3.5   
[17] lazyeval_0.2.0     assertthat_0.1     digest_0.6.10      tibble_1.2        
[21] RColorBrewer_1.1-2 reshape2_1.4.1     formatR_1.4        tidyr_0.6.0       
[25] evaluate_0.9       labeling_0.3       stringi_1.1.1      scales_0.4.0      
[29] methods_3.3.2      foreign_0.8-67    

